<?xml version="1.0" encoding="UTF-8"?>
<!-- Generated by org.testng.reporters.JUnitXMLReporter -->
<testsuite hostname="SUNNY-PC" ignored="0" name="LoginTest" tests="5" failures="1" timestamp="22 Aug 2018 19:06:48 GMT" time="72.78" errors="0">
  <testcase name="crmLogoTest" time="0.226" classname="com.qa.test.LoginTest"/>
  <testcase name="validateLoginPageTitleTest" time="0.048" classname="com.qa.test.LoginTest"/>
  <testcase name="loginTest" time="15.075" classname="com.qa.test.LoginTest"/>
  <testcase name="test4" time="0.002" classname="com.qa.test.LoginTest">
    <failure type="java.lang.ArithmeticException" message="/ by zero">
      <![CDATA[java.lang.ArithmeticException: / by zeroat com.qa.test.LoginTest.test4(LoginTest.java:46)... Removed 25 stack frames]]>
    </failure>
  </testcase> <!-- test4 -->
  <testcase name="test5" time="0.0" classname="com.qa.test.LoginTest">
    <skipped/>
  </testcase> <!-- test5 -->
</testsuite> <!-- LoginTest -->
