<?xml version="1.0" encoding="UTF-8"?>
<testng-results skipped="1" failed="1" ignored="0" total="5" passed="3">
  <reporter-output>
  </reporter-output>
  <suite name="N11 Test Suite" duration-ms="72780" started-at="2018-08-22T19:05:35Z" finished-at="2018-08-22T19:06:48Z">
    <groups>
    </groups>
    <test name="LoginTest" duration-ms="72780" started-at="2018-08-22T19:05:35Z" finished-at="2018-08-22T19:06:48Z">
      <class name="com.qa.test.LoginTest">
        <test-method status="PASS" signature="intialisation()[pri:0, instance:com.qa.test.LoginTest@cb644e]" name="intialisation" is-config="true" duration-ms="12066" started-at="2018-08-23T00:35:36Z" finished-at="2018-08-23T00:35:48Z">
          <reporter-output>
          </reporter-output>
        </test-method> <!-- intialisation -->
        <test-method status="PASS" signature="crmLogoTest()[pri:0, instance:com.qa.test.LoginTest@cb644e]" name="crmLogoTest" duration-ms="226" started-at="2018-08-23T00:35:48Z" finished-at="2018-08-23T00:35:48Z">
          <reporter-output>
          </reporter-output>
        </test-method> <!-- crmLogoTest -->
        <test-method status="PASS" signature="teardown()[pri:0, instance:com.qa.test.LoginTest@cb644e]" name="teardown" is-config="true" duration-ms="828" started-at="2018-08-23T00:35:48Z" finished-at="2018-08-23T00:35:49Z">
          <reporter-output>
          </reporter-output>
        </test-method> <!-- teardown -->
        <test-method status="PASS" signature="intialisation()[pri:0, instance:com.qa.test.LoginTest@cb644e]" name="intialisation" is-config="true" duration-ms="15890" started-at="2018-08-23T00:35:49Z" finished-at="2018-08-23T00:36:05Z">
          <reporter-output>
          </reporter-output>
        </test-method> <!-- intialisation -->
        <test-method status="PASS" signature="validateLoginPageTitleTest()[pri:1, instance:com.qa.test.LoginTest@cb644e]" name="validateLoginPageTitleTest" duration-ms="48" started-at="2018-08-23T00:36:05Z" finished-at="2018-08-23T00:36:05Z">
          <reporter-output>
          </reporter-output>
        </test-method> <!-- validateLoginPageTitleTest -->
        <test-method status="PASS" signature="teardown()[pri:0, instance:com.qa.test.LoginTest@cb644e]" name="teardown" is-config="true" duration-ms="838" started-at="2018-08-23T00:36:05Z" finished-at="2018-08-23T00:36:05Z">
          <reporter-output>
          </reporter-output>
        </test-method> <!-- teardown -->
        <test-method status="PASS" signature="intialisation()[pri:0, instance:com.qa.test.LoginTest@cb644e]" name="intialisation" is-config="true" duration-ms="13834" started-at="2018-08-23T00:36:05Z" finished-at="2018-08-23T00:36:19Z">
          <reporter-output>
          </reporter-output>
        </test-method> <!-- intialisation -->
        <test-method status="PASS" signature="loginTest()[pri:2, instance:com.qa.test.LoginTest@cb644e]" name="loginTest" duration-ms="15075" started-at="2018-08-23T00:36:19Z" finished-at="2018-08-23T00:36:34Z">
          <reporter-output>
          </reporter-output>
        </test-method> <!-- loginTest -->
        <test-method status="PASS" signature="teardown()[pri:0, instance:com.qa.test.LoginTest@cb644e]" name="teardown" is-config="true" duration-ms="930" started-at="2018-08-23T00:36:34Z" finished-at="2018-08-23T00:36:35Z">
          <reporter-output>
          </reporter-output>
        </test-method> <!-- teardown -->
        <test-method status="PASS" signature="intialisation()[pri:0, instance:com.qa.test.LoginTest@cb644e]" name="intialisation" is-config="true" duration-ms="11802" started-at="2018-08-23T00:36:35Z" finished-at="2018-08-23T00:36:47Z">
          <reporter-output>
          </reporter-output>
        </test-method> <!-- intialisation -->
        <test-method status="FAIL" signature="test4()[pri:4, instance:com.qa.test.LoginTest@cb644e]" name="test4" duration-ms="2" started-at="2018-08-23T00:36:47Z" finished-at="2018-08-23T00:36:47Z">
          <exception class="java.lang.ArithmeticException">
            <message>
              <![CDATA[/ by zero]]>
            </message>
            <full-stacktrace>
              <![CDATA[java.lang.ArithmeticException: / by zeroat com.qa.test.LoginTest.test4(LoginTest.java:46)at sun.reflect.NativeMethodAccessorImpl.invoke0(Native Method)at sun.reflect.NativeMethodAccessorImpl.invoke(Unknown Source)at sun.reflect.DelegatingMethodAccessorImpl.invoke(Unknown Source)at java.lang.reflect.Method.invoke(Unknown Source)at org.testng.internal.MethodInvocationHelper.invokeMethod(MethodInvocationHelper.java:124)at org.testng.internal.Invoker.invokeMethod(Invoker.java:571)at org.testng.internal.Invoker.invokeTestMethod(Invoker.java:707)at org.testng.internal.Invoker.invokeTestMethods(Invoker.java:979)at org.testng.internal.TestMethodWorker.invokeTestMethods(TestMethodWorker.java:125)at org.testng.internal.TestMethodWorker.run(TestMethodWorker.java:109)at org.testng.TestRunner.privateRun(TestRunner.java:648)at org.testng.TestRunner.run(TestRunner.java:505)at org.testng.SuiteRunner.runTest(SuiteRunner.java:455)at org.testng.SuiteRunner.runSequentially(SuiteRunner.java:450)at org.testng.SuiteRunner.privateRun(SuiteRunner.java:415)at org.testng.SuiteRunner.run(SuiteRunner.java:364)at org.testng.SuiteRunnerWorker.runSuite(SuiteRunnerWorker.java:52)at org.testng.SuiteRunnerWorker.run(SuiteRunnerWorker.java:84)at org.testng.TestNG.runSuitesSequentially(TestNG.java:1187)at org.testng.TestNG.runSuitesLocally(TestNG.java:1116)at org.testng.TestNG.runSuites(TestNG.java:1028)at org.testng.TestNG.run(TestNG.java:996)at org.testng.remote.AbstractRemoteTestNG.run(AbstractRemoteTestNG.java:114)at org.testng.remote.RemoteTestNG.initAndRun(RemoteTestNG.java:251)at org.testng.remote.RemoteTestNG.main(RemoteTestNG.java:77)]]>
            </full-stacktrace>
          </exception> <!-- java.lang.ArithmeticException -->
          <reporter-output>
          </reporter-output>
        </test-method> <!-- test4 -->
        <test-method status="PASS" signature="teardown()[pri:0, instance:com.qa.test.LoginTest@cb644e]" name="teardown" is-config="true" duration-ms="850" started-at="2018-08-23T00:36:47Z" finished-at="2018-08-23T00:36:48Z">
          <reporter-output>
          </reporter-output>
        </test-method> <!-- teardown -->
        <test-method status="SKIP" signature="test5()[pri:5, instance:com.qa.test.LoginTest@cb644e]" name="test5" duration-ms="0" started-at="2018-08-23T00:36:48Z" depends-on-methods="com.qa.test.LoginTest.test4" finished-at="2018-08-23T00:36:48Z">
          <exception class="java.lang.Throwable">
            <message>
              <![CDATA[Method LoginTest.test5()[pri:5, instance:com.qa.test.LoginTest@cb644e] depends on not successfully finished methods]]>
            </message>
            <full-stacktrace>
              <![CDATA[java.lang.Throwable: Method LoginTest.test5()[pri:5, instance:com.qa.test.LoginTest@cb644e] depends on not successfully finished methodsat org.testng.internal.Invoker.invokeTestMethods(Invoker.java:878)at org.testng.internal.TestMethodWorker.invokeTestMethods(TestMethodWorker.java:125)at org.testng.internal.TestMethodWorker.run(TestMethodWorker.java:109)at org.testng.TestRunner.privateRun(TestRunner.java:648)at org.testng.TestRunner.run(TestRunner.java:505)at org.testng.SuiteRunner.runTest(SuiteRunner.java:455)at org.testng.SuiteRunner.runSequentially(SuiteRunner.java:450)at org.testng.SuiteRunner.privateRun(SuiteRunner.java:415)at org.testng.SuiteRunner.run(SuiteRunner.java:364)at org.testng.SuiteRunnerWorker.runSuite(SuiteRunnerWorker.java:52)at org.testng.SuiteRunnerWorker.run(SuiteRunnerWorker.java:84)at org.testng.TestNG.runSuitesSequentially(TestNG.java:1187)at org.testng.TestNG.runSuitesLocally(TestNG.java:1116)at org.testng.TestNG.runSuites(TestNG.java:1028)at org.testng.TestNG.run(TestNG.java:996)at org.testng.remote.AbstractRemoteTestNG.run(AbstractRemoteTestNG.java:114)at org.testng.remote.RemoteTestNG.initAndRun(RemoteTestNG.java:251)at org.testng.remote.RemoteTestNG.main(RemoteTestNG.java:77)]]>
            </full-stacktrace>
          </exception> <!-- java.lang.Throwable -->
          <reporter-output>
          </reporter-output>
        </test-method> <!-- test5 -->
      </class> <!-- com.qa.test.LoginTest -->
    </test> <!-- LoginTest -->
  </suite> <!-- N11 Test Suite -->
</testng-results>
